  Actor.cpp
c:\users\mandori97\source\repos\pong\actor.h(36): error C3646: 'mPosition': 알 수 없는 재정의 지정자입니다.
c:\users\mandori97\source\repos\pong\actor.h(36): error C4430: 형식 지정자가 없습니다. int로 가정합니다. 참고: C++에서는 기본 int를 지원하지 않습니다.
c:\users\mandori97\source\repos\pong\component.h(13): error C2065: 'mUdateOrder': 선언되지 않은 식별자입니다.
  AnimSpriteComponent.cpp
c:\users\mandori97\source\repos\pong\component.h(13): error C2065: 'mUdateOrder': 선언되지 않은 식별자입니다.
  BGSpriteComponent.cpp
  Component.cpp
  Game.cpp
c:\users\mandori97\source\repos\pong\component.h(13): error C2065: 'mUdateOrder': 선언되지 않은 식별자입니다.
c:\users\mandori97\source\repos\pong\game.cpp(6): fatal error C1083: 포함 파일을 열 수 없습니다. 'Ship.h': No such file or directory
  Main.cpp
  SpriteComponent.cpp
c:\users\mandori97\source\repos\pong\component.h(13): error C2065: 'mUdateOrder': 선언되지 않은 식별자입니다.
c:\users\mandori97\source\repos\pong\actor.h(36): error C3646: 'mPosition': 알 수 없는 재정의 지정자입니다.
c:\users\mandori97\source\repos\pong\actor.h(36): error C4430: 형식 지정자가 없습니다. int로 가정합니다. 참고: C++에서는 기본 int를 지원하지 않습니다.
c:\users\mandori97\source\repos\pong\spritecomponent.cpp(5): error C2065: 'SDL_Render': 선언되지 않은 식별자입니다.
c:\users\mandori97\source\repos\pong\spritecomponent.cpp(5): error C2065: 'renderer': 선언되지 않은 식별자입니다.
c:\users\mandori97\source\repos\pong\spritecomponent.cpp(5): error C2761: 'void SpriteComponent::Draw(SDL_Renderer *)': 멤버를 재선언할 수 없습니다.
c:\users\mandori97\source\repos\pong\spritecomponent.cpp(6): error C2448: 'SpriteComponent::Draw': 함수 스타일 이니셜라이저가 함수 정의처럼 나타납니다.
  코드를 생성하고 있습니다...
